<?xml version="1.0" encoding="UTF-8"?>
<testsuite xmlns:xsi="http://www.w3.org/2001/XMLSchema-instance" xsi:noNamespaceSchemaLocation="https://maven.apache.org/surefire/maven-surefire-plugin/xsd/surefire-test-report.xsd" name="com.formancehq.AppTest" time="0.167" tests="1" errors="0" skipped="0" failures="0">
  <properties>
    <property name="java.specification.version" value="19"/>
    <property name="sun.jnu.encoding" value="UTF-8"/>
    <property name="java.class.path" value="/Users/geoffreyragot/Work/formancehq/projects/stack/openapi/tests/java/target/test-classes:/Users/geoffreyragot/Work/formancehq/projects/stack/openapi/tests/java/target/classes:/Users/geoffreyragot/.m2/repository/junit/junit/4.11/junit-4.11.jar:/Users/geoffreyragot/.m2/repository/org/hamcrest/hamcrest-core/1.3/hamcrest-core-1.3.jar:/Users/geoffreyragot/.m2/repository/com/formance/formance/1.0.0-20230225/formance-1.0.0-20230225.jar:/Users/geoffreyragot/.m2/repository/io/swagger/swagger-annotations/1.6.3/swagger-annotations-1.6.3.jar:/Users/geoffreyragot/.m2/repository/com/google/code/findbugs/jsr305/3.0.2/jsr305-3.0.2.jar:/Users/geoffreyragot/.m2/repository/com/squareup/retrofit2/converter-gson/2.5.0/converter-gson-2.5.0.jar:/Users/geoffreyragot/.m2/repository/com/google/code/gson/gson/2.8.2/gson-2.8.2.jar:/Users/geoffreyragot/.m2/repository/com/squareup/retrofit2/retrofit/2.5.0/retrofit-2.5.0.jar:/Users/geoffreyragot/.m2/repository/com/squareup/okhttp3/okhttp/3.12.0/okhttp-3.12.0.jar:/Users/geoffreyragot/.m2/repository/com/squareup/okio/okio/1.15.0/okio-1.15.0.jar:/Users/geoffreyragot/.m2/repository/com/squareup/retrofit2/converter-scalars/2.5.0/converter-scalars-2.5.0.jar:/Users/geoffreyragot/.m2/repository/org/apache/oltu/oauth2/org.apache.oltu.oauth2.client/1.0.1/org.apache.oltu.oauth2.client-1.0.1.jar:/Users/geoffreyragot/.m2/repository/org/apache/oltu/oauth2/org.apache.oltu.oauth2.common/1.0.1/org.apache.oltu.oauth2.common-1.0.1.jar:/Users/geoffreyragot/.m2/repository/org/json/json/20140107/json-20140107.jar:/Users/geoffreyragot/.m2/repository/commons-codec/commons-codec/1.9/commons-codec-1.9.jar:/Users/geoffreyragot/.m2/repository/org/slf4j/slf4j-api/1.7.7/slf4j-api-1.7.7.jar:/Users/geoffreyragot/.m2/repository/io/gsonfire/gson-fire/1.8.3/gson-fire-1.8.3.jar:"/>
    <property name="java.vm.vendor" value="Homebrew"/>
    <property name="sun.arch.data.model" value="64"/>
    <property name="java.vendor.url" value="https://github.com/Homebrew/homebrew-core/issues"/>
    <property name="os.name" value="Mac OS X"/>
    <property name="java.vm.specification.version" value="19"/>
    <property name="sun.java.launcher" value="SUN_STANDARD"/>
    <property name="user.country" value="FR"/>
    <property name="sun.boot.library.path" value="/opt/homebrew/Cellar/openjdk/19.0.1/libexec/openjdk.jdk/Contents/Home/lib"/>
    <property name="sun.java.command" value="/Users/geoffreyragot/Work/formancehq/projects/stack/openapi/tests/java/target/surefire/surefirebooter8049140883746773706.jar /Users/geoffreyragot/Work/formancehq/projects/stack/openapi/tests/java/target/surefire 2023-02-27T13-42-08_843-jvmRun1 surefire6970189632074196007tmp surefire_016697829610858492189tmp"/>
    <property name="http.nonProxyHosts" value="local|*.local|169.254/16|*.169.254/16"/>
    <property name="jdk.debug" value="release"/>
    <property name="surefire.test.class.path" value="/Users/geoffreyragot/Work/formancehq/projects/stack/openapi/tests/java/target/test-classes:/Users/geoffreyragot/Work/formancehq/projects/stack/openapi/tests/java/target/classes:/Users/geoffreyragot/.m2/repository/junit/junit/4.11/junit-4.11.jar:/Users/geoffreyragot/.m2/repository/org/hamcrest/hamcrest-core/1.3/hamcrest-core-1.3.jar:/Users/geoffreyragot/.m2/repository/com/formance/formance/1.0.0-20230225/formance-1.0.0-20230225.jar:/Users/geoffreyragot/.m2/repository/io/swagger/swagger-annotations/1.6.3/swagger-annotations-1.6.3.jar:/Users/geoffreyragot/.m2/repository/com/google/code/findbugs/jsr305/3.0.2/jsr305-3.0.2.jar:/Users/geoffreyragot/.m2/repository/com/squareup/retrofit2/converter-gson/2.5.0/converter-gson-2.5.0.jar:/Users/geoffreyragot/.m2/repository/com/google/code/gson/gson/2.8.2/gson-2.8.2.jar:/Users/geoffreyragot/.m2/repository/com/squareup/retrofit2/retrofit/2.5.0/retrofit-2.5.0.jar:/Users/geoffreyragot/.m2/repository/com/squareup/okhttp3/okhttp/3.12.0/okhttp-3.12.0.jar:/Users/geoffreyragot/.m2/repository/com/squareup/okio/okio/1.15.0/okio-1.15.0.jar:/Users/geoffreyragot/.m2/repository/com/squareup/retrofit2/converter-scalars/2.5.0/converter-scalars-2.5.0.jar:/Users/geoffreyragot/.m2/repository/org/apache/oltu/oauth2/org.apache.oltu.oauth2.client/1.0.1/org.apache.oltu.oauth2.client-1.0.1.jar:/Users/geoffreyragot/.m2/repository/org/apache/oltu/oauth2/org.apache.oltu.oauth2.common/1.0.1/org.apache.oltu.oauth2.common-1.0.1.jar:/Users/geoffreyragot/.m2/repository/org/json/json/20140107/json-20140107.jar:/Users/geoffreyragot/.m2/repository/commons-codec/commons-codec/1.9/commons-codec-1.9.jar:/Users/geoffreyragot/.m2/repository/org/slf4j/slf4j-api/1.7.7/slf4j-api-1.7.7.jar:/Users/geoffreyragot/.m2/repository/io/gsonfire/gson-fire/1.8.3/gson-fire-1.8.3.jar:"/>
    <property name="sun.cpu.endian" value="little"/>
    <property name="user.home" value="/Users/geoffreyragot"/>
    <property name="user.language" value="fr"/>
    <property name="java.specification.vendor" value="Oracle Corporation"/>
    <property name="java.version.date" value="2022-10-18"/>
    <property name="java.home" value="/opt/homebrew/Cellar/openjdk/19.0.1/libexec/openjdk.jdk/Contents/Home"/>
    <property name="file.separator" value="/"/>
    <property name="basedir" value="/Users/geoffreyragot/Work/formancehq/projects/stack/openapi/tests/java"/>
    <property name="java.vm.compressedOopsMode" value="Zero based"/>
    <property name="line.separator" value="&#10;"/>
    <property name="java.vm.specification.vendor" value="Oracle Corporation"/>
    <property name="java.specification.name" value="Java Platform API Specification"/>
    <property name="apple.awt.application.name" value="ForkedBooter"/>
    <property name="surefire.real.class.path" value="/Users/geoffreyragot/Work/formancehq/projects/stack/openapi/tests/java/target/surefire/surefirebooter8049140883746773706.jar"/>
    <property name="sun.management.compiler" value="HotSpot 64-Bit Tiered Compilers"/>
    <property name="ftp.nonProxyHosts" value="local|*.local|169.254/16|*.169.254/16"/>
    <property name="java.runtime.version" value="19.0.1"/>
    <property name="user.name" value="geoffreyragot"/>
    <property name="stdout.encoding" value="UTF-8"/>
    <property name="path.separator" value=":"/>
    <property name="os.version" value="13.0"/>
    <property name="java.runtime.name" value="OpenJDK Runtime Environment"/>
    <property name="file.encoding" value="UTF-8"/>
    <property name="java.vm.name" value="OpenJDK 64-Bit Server VM"/>
    <property name="java.vendor.version" value="Homebrew"/>
    <property name="localRepository" value="/Users/geoffreyragot/.m2/repository"/>
    <property name="java.vendor.url.bug" value="https://github.com/Homebrew/homebrew-core/issues"/>
    <property name="java.io.tmpdir" value="/var/folders/jq/sttrgp_14b964m76ltzyy2gc0000gn/T/"/>
    <property name="java.version" value="19.0.1"/>
    <property name="user.dir" value="/Users/geoffreyragot/Work/formancehq/projects/stack/openapi/tests/java"/>
    <property name="os.arch" value="aarch64"/>
    <property name="java.vm.specification.name" value="Java Virtual Machine Specification"/>
    <property name="native.encoding" value="UTF-8"/>
    <property name="java.library.path" value="/Users/geoffreyragot/Library/Java/Extensions:/Library/Java/Extensions:/Network/Library/Java/Extensions:/System/Library/Java/Extensions:/usr/lib/java:."/>
    <property name="java.vm.info" value="mixed mode, sharing"/>
    <property name="stderr.encoding" value="UTF-8"/>
    <property name="java.vendor" value="Homebrew"/>
    <property name="java.vm.version" value="19.0.1"/>
    <property name="sun.io.unicode.encoding" value="UnicodeBig"/>
    <property name="socksNonProxyHosts" value="local|*.local|169.254/16|*.169.254/16"/>
    <property name="java.class.version" value="63.0"/>
  </properties>
  <testcase name="shouldAnswerWithTrue" classname="com.formancehq.AppTest" time="0.157"/>
</testsuite>